# JRE version: 7.0_25-b15
# Java VM: Java HotSpot(TM) 64-Bit Server VM (23.25-b01 mixed mode bsd-amd64 compressed oops)
Heap
 def new generation   total 3392K, used 3078K [0x00000007efe00000, 0x00000007f01a0000, 0x00000007f38a0000)
  eden space 3072K, 100% used [0x00000007efe00000, 0x00000007f0100000, 0x00000007f0100000)
  from space 320K,   2% used [0x00000007f0100000, 0x00000007f0101b38, 0x00000007f0150000)
  to   space 320K,   0% used [0x00000007f0150000, 0x00000007f0150970, 0x00000007f01a0000)
 tenured generation   total 7552K, used 7522K [0x00000007f38a0000, 0x00000007f4000000, 0x00000007fae00000)
   the space 7552K,  99% used [0x00000007f38a0000, 0x00000007f3ff8a30, 0x00000007f3ff8c00, 0x00000007f4000000)
 compacting perm gen  total 21248K, used 14187K [0x00000007fae00000, 0x00000007fc2c0000, 0x0000000800000000)
   the space 21248K,  66% used [0x00000007fae00000, 0x00000007fbbdaea0, 0x00000007fbbdb000, 0x00000007fc2c0000)
GC Heap History (10 events):
Event: 59.706 GC heap after
Heap after GC invocations=48 (full 0):
 def new generation   total 3392K, used 6K [0x00000007efe00000, 0x00000007f01a0000, 0x00000007f38a0000)
  eden space 3072K,   0% used [0x00000007efe00000, 0x00000007efe00000, 0x00000007f0100000)
  from space 320K,   1% used [0x00000007f0100000, 0x00000007f01018b8, 0x00000007f0150000)
  to   space 320K,   0% used [0x00000007f0150000, 0x00000007f0150000, 0x00000007f01a0000)
 tenured generation   total 7552K, used 7520K [0x00000007f38a0000, 0x00000007f4000000, 0x00000007fae00000)
   the space 7552K,  99% used [0x00000007f38a0000, 0x00000007f3ff82f0, 0x00000007f3ff8400, 0x00000007f4000000)
 compacting perm gen  total 21248K, used 14171K [0x00000007fae00000, 0x00000007fc2c0000, 0x0000000800000000)
   the space 21248K,  66% used [0x00000007fae00000, 0x00000007fbbd6ef0, 0x00000007fbbd7000, 0x00000007fc2c0000)
No shared spaces configured.
}
Event: 64.257 GC heap before
{Heap before GC invocations=48 (full 0):
 def new generation   total 3392K, used 3078K [0x00000007efe00000, 0x00000007f01a0000, 0x00000007f38a0000)
  eden space 3072K,  99% used [0x00000007efe00000, 0x00000007f00ffff0, 0x00000007f0100000)
  from space 320K,   1% used [0x00000007f0100000, 0x00000007f01018b8, 0x00000007f0150000)
  to   space 320K,   0% used [0x00000007f0150000, 0x00000007f0150000, 0x00000007f01a0000)
 tenured generation   total 7552K, used 7520K [0x00000007f38a0000, 0x00000007f4000000, 0x00000007fae00000)
   the space 7552K,  99% used [0x00000007f38a0000, 0x00000007f3ff82f0, 0x00000007f3ff8400, 0x00000007f4000000)
 compacting perm gen  total 21248K, used 14175K [0x00000007fae00000, 0x00000007fc2c0000, 0x0000000800000000)
   the space 21248K,  66% used [0x00000007fae00000, 0x00000007fbbd7eb0, 0x00000007fbbd8000, 0x00000007fc2c0000)
No shared spaces configured.
Event: 64.258 GC heap after
Heap after GC invocations=49 (full 0):
 def new generation   total 3392K, used 6K [0x00000007efe00000, 0x00000007f01a0000, 0x00000007f38a0000)
  eden space 3072K,   0% used [0x00000007efe00000, 0x00000007efe00000, 0x00000007f0100000)
  from space 320K,   1% used [0x00000007f0150000, 0x00000007f0151890, 0x00000007f01a0000)
  to   space 320K,   0% used [0x00000007f0100000, 0x00000007f0100000, 0x00000007f0150000)
 tenured generation   total 7552K, used 7520K [0x00000007f38a0000, 0x00000007f4000000, 0x00000007fae00000)
   the space 7552K,  99% used [0x00000007f38a0000, 0x00000007f3ff82f0, 0x00000007f3ff8400, 0x00000007f4000000)
 compacting perm gen  total 21248K, used 14175K [0x00000007fae00000, 0x00000007fc2c0000, 0x0000000800000000)
   the space 21248K,  66% used [0x00000007fae00000, 0x00000007fbbd7eb0, 0x00000007fbbd8000, 0x00000007fc2c0000)
No shared spaces configured.
}
Event: 68.825 GC heap before
{Heap before GC invocations=49 (full 0):
 def new generation   total 3392K, used 3078K [0x00000007efe00000, 0x00000007f01a0000, 0x00000007f38a0000)
  eden space 3072K, 100% used [0x00000007efe00000, 0x00000007f0100000, 0x00000007f0100000)
  from space 320K,   1% used [0x00000007f0150000, 0x00000007f0151890, 0x00000007f01a0000)
  to   space 320K,   0% used [0x00000007f0100000, 0x00000007f0100000, 0x00000007f0150000)
 tenured generation   total 7552K, used 7520K [0x00000007f38a0000, 0x00000007f4000000, 0x00000007fae00000)
   the space 7552K,  99% used [0x00000007f38a0000, 0x00000007f3ff82f0, 0x00000007f3ff8400, 0x00000007f4000000)
 compacting perm gen  total 21248K, used 14175K [0x00000007fae00000, 0x00000007fc2c0000, 0x0000000800000000)
   the space 21248K,  66% used [0x00000007fae00000, 0x00000007fbbd7eb0, 0x00000007fbbd8000, 0x00000007fc2c0000)
No shared spaces configured.
Event: 68.826 GC heap after
Heap after GC invocations=50 (full 0):
 def new generation   total 3392K, used 5K [0x00000007efe00000, 0x00000007f01a0000, 0x00000007f38a0000)
  eden space 3072K,   0% used [0x00000007efe00000, 0x00000007efe00000, 0x00000007f0100000)
  from space 320K,   1% used [0x00000007f0100000, 0x00000007f01016d8, 0x00000007f0150000)
  to   space 320K,   0% used [0x00000007f0150000, 0x00000007f0150000, 0x00000007f01a0000)
 tenured generation   total 7552K, used 7520K [0x00000007f38a0000, 0x00000007f4000000, 0x00000007fae00000)
   the space 7552K,  99% used [0x00000007f38a0000, 0x00000007f3ff82f0, 0x00000007f3ff8400, 0x00000007f4000000)
 compacting perm gen  total 21248K, used 14175K [0x00000007fae00000, 0x00000007fc2c0000, 0x0000000800000000)
   the space 21248K,  66% used [0x00000007fae00000, 0x00000007fbbd7eb0, 0x00000007fbbd8000, 0x00000007fc2c0000)
No shared spaces configured.
}
Event: 73.366 GC heap before
{Heap before GC invocations=50 (full 0):
 def new generation   total 3392K, used 3077K [0x00000007efe00000, 0x00000007f01a0000, 0x00000007f38a0000)
  eden space 3072K, 100% used [0x00000007efe00000, 0x00000007f0100000, 0x00000007f0100000)
  from space 320K,   1% used [0x00000007f0100000, 0x00000007f01016d8, 0x00000007f0150000)
  to   space 320K,   0% used [0x00000007f0150000, 0x00000007f0150000, 0x00000007f01a0000)
 tenured generation   total 7552K, used 7520K [0x00000007f38a0000, 0x00000007f4000000, 0x00000007fae00000)
   the space 7552K,  99% used [0x00000007f38a0000, 0x00000007f3ff82f0, 0x00000007f3ff8400, 0x00000007f4000000)
 compacting perm gen  total 21248K, used 14178K [0x00000007fae00000, 0x00000007fc2c0000, 0x0000000800000000)
   the space 21248K,  66% used [0x00000007fae00000, 0x00000007fbbd8bf0, 0x00000007fbbd8c00, 0x00000007fc2c0000)
No shared spaces configured.
Event: 73.367 GC heap after
Heap after GC invocations=51 (full 0):
 def new generation   total 3392K, used 3K [0x00000007efe00000, 0x00000007f01a0000, 0x00000007f38a0000)
  eden space 3072K,   0% used [0x00000007efe00000, 0x00000007efe00000, 0x00000007f0100000)
  from space 320K,   1% used [0x00000007f0150000, 0x00000007f0150fc8, 0x00000007f01a0000)
  to   space 320K,   0% used [0x00000007f0100000, 0x00000007f0100000, 0x00000007f0150000)
 tenured generation   total 7552K, used 7522K [0x00000007f38a0000, 0x00000007f4000000, 0x00000007fae00000)
   the space 7552K,  99% used [0x00000007f38a0000, 0x00000007f3ff8a30, 0x00000007f3ff8c00, 0x00000007f4000000)
 compacting perm gen  total 21248K, used 14178K [0x00000007fae00000, 0x00000007fc2c0000, 0x0000000800000000)
   the space 21248K,  66% used [0x00000007fae00000, 0x00000007fbbd8bf0, 0x00000007fbbd8c00, 0x00000007fc2c0000)
No shared spaces configured.
}
Event: 77.937 GC heap before
{Heap before GC invocations=51 (full 0):
 def new generation   total 3392K, used 3075K [0x00000007efe00000, 0x00000007f01a0000, 0x00000007f38a0000)
  eden space 3072K,  99% used [0x00000007efe00000, 0x00000007f00fffe8, 0x00000007f0100000)
  from space 320K,   1% used [0x00000007f0150000, 0x00000007f0150fc8, 0x00000007f01a0000)
  to   space 320K,   0% used [0x00000007f0100000, 0x00000007f0100000, 0x00000007f0150000)
 tenured generation   total 7552K, used 7522K [0x00000007f38a0000, 0x00000007f4000000, 0x00000007fae00000)
   the space 7552K,  99% used [0x00000007f38a0000, 0x00000007f3ff8a30, 0x00000007f3ff8c00, 0x00000007f4000000)
 compacting perm gen  total 21248K, used 14187K [0x00000007fae00000, 0x00000007fc2c0000, 0x0000000800000000)
   the space 21248K,  66% used [0x00000007fae00000, 0x00000007fbbdaea0, 0x00000007fbbdb000, 0x00000007fc2c0000)
No shared spaces configured.
Event: 77.938 GC heap after
Heap after GC invocations=52 (full 0):
 def new generation   total 3392K, used 6K [0x00000007efe00000, 0x00000007f01a0000, 0x00000007f38a0000)
  eden space 3072K,   0% used [0x00000007efe00000, 0x00000007efe00000, 0x00000007f0100000)
  from space 320K,   2% used [0x00000007f0100000, 0x00000007f0101b38, 0x00000007f0150000)
  to   space 320K,   0% used [0x00000007f0150000, 0x00000007f0150000, 0x00000007f01a0000)
 tenured generation   total 7552K, used 7522K [0x00000007f38a0000, 0x00000007f4000000, 0x00000007fae00000)
   the space 7552K,  99% used [0x00000007f38a0000, 0x00000007f3ff8a30, 0x00000007f3ff8c00, 0x00000007f4000000)
 compacting perm gen  total 21248K, used 14187K [0x00000007fae00000, 0x00000007fc2c0000, 0x0000000800000000)
   the space 21248K,  66% used [0x00000007fae00000, 0x00000007fbbdaea0, 0x00000007fbbdb000, 0x00000007fc2c0000)
No shared spaces configured.
}
Event: 82.494 GC heap before
{Heap before GC invocations=52 (full 0):
 def new generation   total 3392K, used 3078K [0x00000007efe00000, 0x00000007f01a0000, 0x00000007f38a0000)
  eden space 3072K, 100% used [0x00000007efe00000, 0x00000007f0100000, 0x00000007f0100000)
  from space 320K,   2% used [0x00000007f0100000, 0x00000007f0101b38, 0x00000007f0150000)
  to   space 320K,   0% used [0x00000007f0150000, 0x00000007f0150000, 0x00000007f01a0000)
 tenured generation   total 7552K, used 7522K [0x00000007f38a0000, 0x00000007f4000000, 0x00000007fae00000)
   the space 7552K,  99% used [0x00000007f38a0000, 0x00000007f3ff8a30, 0x00000007f3ff8c00, 0x00000007f4000000)
 compacting perm gen  total 21248K, used 14187K [0x00000007fae00000, 0x00000007fc2c0000, 0x0000000800000000)
   the space 21248K,  66% used [0x00000007fae00000, 0x00000007fbbdaea0, 0x00000007fbbdb000, 0x00000007fc2c0000)
No shared spaces configured.

